\BOOKMARK [2][-]{section*.1}{\376\377\000T\000e\000m\000a\000s\000\040\000a\000\040\000t\000r\000a\000t\000a\000r}{}% 1
\BOOKMARK [2][-]{section*.2}{\376\377\000A\000n\000a\000l\000i\000s\000i\000s\000\040\000e\000s\000t\000a\000d\000i\000s\000t\000i\000c\000o\000\040\000m\000u\000l\000t\000i\000v\000a\000r\000i\000a\000d\000o}{}% 2
\BOOKMARK [2][-]{section*.3}{\376\377\000D\000i\000s\000t\000a\000n\000c\000i\000a\000s\000\040\000e\000n\000\040\000e\000l\000\040\000a\000n\000\341\000l\000i\000s\000i\000s\000\040\000e\000s\000t\000a\000d\000\355\000s\000t\000i\000c\000o\000\040\000m\000u\000l\000t\000i\000v\000a\000r\000i\000a\000d\000o}{}% 3
\BOOKMARK [2][-]{section*.4}{\376\377\000S\000e\000l\000e\000c\000c\000i\000\363\000n\000\040\000d\000e\000\040\000l\000a\000\040\000m\000e\000d\000i\000d\000a\000\040\000d\000e\000\040\000d\000i\000s\000t\000a\000n\000c\000i\000a\000\040\000e\000n\000\040\000a\000n\000\341\000l\000i\000s\000i\000s\000\040\000e\000s\000t\000a\000d\000\355\000s\000t\000i\000c\000o\000\040\000m\000u\000l\000t\000i\000v\000a\000r\000i\000a\000d\000o}{}% 4
\BOOKMARK [2][-]{section*.5}{\376\377\000S\000e\000l\000e\000c\000c\000i\000\363\000n\000\040\000d\000e\000\040\000l\000a\000\040\000m\000e\000d\000i\000d\000a\000\040\000d\000e\000\040\000d\000i\000s\000t\000a\000n\000c\000i\000a\000\040\000e\000n\000\040\000a\000n\000\341\000l\000i\000s\000i\000s\000\040\000e\000s\000t\000a\000d\000\355\000s\000t\000i\000c\000o\000\040\000m\000u\000l\000t\000i\000v\000a\000r\000i\000a\000d\000o}{}% 5
\BOOKMARK [2][-]{section*.6}{\376\377\000M\000e\000d\000i\000d\000a\000s\000\040\000d\000e\000\040\000d\000i\000s\000t\000a\000n\000c\000i\000a\000\040\000e\000n\000t\000r\000e\000\040\000i\000n\000d\000i\000v\000i\000d\000u\000o\000s}{}% 6
\BOOKMARK [2][-]{section*.7}{\376\377\000M\000e\000d\000i\000d\000a\000s\000\040\000d\000e\000\040\000d\000i\000s\000t\000a\000n\000c\000i\000a\000\040\000e\000n\000t\000r\000e\000\040\000v\000a\000r\000i\000a\000b\000l\000e\000s}{}% 7
\BOOKMARK [2][-]{section*.8}{\376\377\000D\000i\000s\000t\000a\000n\000c\000i\000a\000s\000\040\000c\000o\000n\000\040\000v\000a\000r\000i\000a\000b\000l\000e\000s\000\040\000c\000u\000a\000l\000i\000t\000a\000t\000i\000v\000a\000s}{}% 8
\BOOKMARK [2][-]{section*.9}{\376\377\000D\000i\000s\000t\000a\000n\000c\000i\000a\000\040\000H\000a\000m\000m\000i\000n\000g}{}% 9
\BOOKMARK [2][-]{section*.10}{\376\377\000E\000j\000e\000m\000p\000l\000o}{}% 10
\BOOKMARK [2][-]{section*.11}{\376\377\000D\000i\000s\000t\000a\000n\000c\000i\000a\000\040\000J\000a\000c\000c\000a\000r\000d}{}% 11
\BOOKMARK [2][-]{section*.12}{\376\377\000E\000j\000e\000m\000p\000l\000o}{}% 12
\BOOKMARK [2][-]{section*.13}{\376\377\000E\000j\000e\000m\000p\000l\000o}{}% 13
\BOOKMARK [2][-]{section*.14}{\376\377\000C\000o\000n\000c\000l\000u\000s\000i\000o\000n\000e\000s}{}% 14
\BOOKMARK [2][-]{section*.15}{\376\377\000D\000i\000s\000t\000a\000n\000c\000i\000a\000s\000\040\000c\000o\000n\000\040\000v\000a\000r\000i\000a\000b\000l\000e\000s\000\040\000c\000u\000a\000n\000t\000i\000t\000a\000t\000i\000v\000a\000s}{}% 15
\BOOKMARK [2][-]{section*.16}{\376\377\000D\000i\000s\000t\000a\000n\000c\000i\000a\000\040\000E\000u\000c\000l\000i\000d\000i\000a\000n\000a}{}% 16
\BOOKMARK [2][-]{section*.17}{\376\377\000E\000j\000e\000m\000p\000l\000o}{}% 17
\BOOKMARK [2][-]{section*.18}{\376\377\000D\000i\000s\000t\000a\000n\000c\000i\000a\000\040\000M\000a\000n\000h\000a\000t\000t\000a\000n}{}% 18
\BOOKMARK [2][-]{section*.19}{\376\377\000E\000j\000e\000m\000p\000l\000o}{}% 19
\BOOKMARK [2][-]{section*.20}{\376\377\000D\000i\000s\000t\000a\000n\000c\000i\000a\000\040\000M\000a\000h\000a\000l\000a\000n\000o\000b\000i\000s}{}% 20
\BOOKMARK [2][-]{section*.21}{\376\377\000E\000j\000e\000m\000p\000l\000o}{}% 21
\BOOKMARK [2][-]{section*.22}{\376\377\000C\000o\000n\000c\000l\000u\000s\000i\000o\000n\000e\000s}{}% 22
\BOOKMARK [2][-]{section*.23}{\376\377\000D\000i\000a\000g\000r\000a\000m\000a\000\040\000d\000e\000\040\000d\000i\000s\000p\000e\000r\000s\000i\000o\000n}{}% 23
\BOOKMARK [2][-]{section*.24}{\376\377\000C\000o\000n\000c\000l\000u\000s\000i\000o\000n\000e\000s}{}% 24
\BOOKMARK [2][-]{section*.25}{\376\377\000T\000a\000b\000l\000a}{}% 25
\BOOKMARK [2][-]{section*.26}{\376\377\000C\000o\000n\000c\000l\000u\000s\000i\000o\000n\000e\000s\000\040\000G\000e\000n\000e\000r\000a\000l\000e\000s}{}% 26
\BOOKMARK [2][-]{section*.27}{\376\377\000A\000p\000l\000i\000c\000a\000c\000i\000o\000n}{}% 27
